This file contains any messages produced by compilers while
running configure, to aid debugging if configure makes a mistake.

It was created by configure, which was
generated by GNU Autoconf 2.68.  Invocation command line was

  $ ./configure --with-php-config=/opt/php/bin/php-config

## --------- ##
## Platform. ##
## --------- ##

hostname = niansong-VirtualBox
uname -m = i686
uname -r = 3.13.0-32-generic
uname -s = Linux
uname -v = #57~precise1-Ubuntu SMP Tue Jul 15 03:50:54 UTC 2014

/usr/bin/uname -p = unknown
/bin/uname -X     = unknown

/bin/arch              = unknown
/usr/bin/arch -k       = unknown
/usr/convex/getsysinfo = unknown
/usr/bin/hostinfo      = unknown
/bin/machine           = unknown
/usr/bin/oslevel       = unknown
/bin/universe          = unknown

PATH: /usr/local/sbin
PATH: /usr/local/bin
PATH: /usr/sbin
PATH: /usr/bin
PATH: /sbin
PATH: /bin
PATH: /usr/games
PATH: /opt/php/bin


## ----------- ##
## Core tests. ##
## ----------- ##

configure:2366: checking for grep that handles long lines and -e
configure:2424: result: /bin/grep
configure:2429: checking for egrep
configure:2491: result: /bin/grep -E
configure:2496: checking for a sed that does not truncate output
configure:2550: result: /bin/sed
configure:2682: checking for cc
configure:2698: found /usr/bin/cc
configure:2709: result: cc
configure:2740: checking for C compiler version
configure:2749: cc --version >&5
gcc-4.6.real (Ubuntu/Linaro 4.6.3-1ubuntu5) 4.6.3
Copyright (C) 2011 Free Software Foundation, Inc.
This is free software; see the source for copying conditions.  There is NO
warranty; not even for MERCHANTABILITY or FITNESS FOR A PARTICULAR PURPOSE.

configure:2760: $? = 0
configure:2749: cc -v >&5
Using built-in specs.
COLLECT_GCC=/usr/bin/gcc-4.6.real
COLLECT_LTO_WRAPPER=/usr/lib/gcc/i686-linux-gnu/4.6/lto-wrapper
Target: i686-linux-gnu
Configured with: ../src/configure -v --with-pkgversion='Ubuntu/Linaro 4.6.3-1ubuntu5' --with-bugurl=file:///usr/share/doc/gcc-4.6/README.Bugs --enable-languages=c,c++,fortran,objc,obj-c++ --prefix=/usr --program-suffix=-4.6 --enable-shared --enable-linker-build-id --with-system-zlib --libexecdir=/usr/lib --without-included-gettext --enable-threads=posix --with-gxx-include-dir=/usr/include/c++/4.6 --libdir=/usr/lib --enable-nls --with-sysroot=/ --enable-clocale=gnu --enable-libstdcxx-debug --enable-libstdcxx-time=yes --enable-gnu-unique-object --enable-plugin --enable-objc-gc --enable-targets=all --disable-werror --with-arch-32=i686 --with-tune=generic --enable-checking=release --build=i686-linux-gnu --host=i686-linux-gnu --target=i686-linux-gnu
Thread model: posix
gcc version 4.6.3 (Ubuntu/Linaro 4.6.3-1ubuntu5) 
configure:2760: $? = 0
configure:2749: cc -V >&5
gcc-4.6.real: error: unrecognized option '-V'
gcc-4.6.real: fatal error: no input files
compilation terminated.
configure:2760: $? = 4
configure:2749: cc -qversion >&5
gcc-4.6.real: error: unrecognized option '-qversion'
gcc-4.6.real: fatal error: no input files
compilation terminated.
configure:2760: $? = 4
configure:2780: checking whether the C compiler works
configure:2802: cc    conftest.c  >&5
configure:2806: $? = 0
configure:2854: result: yes
configure:2857: checking for C compiler default output file name
configure:2859: result: a.out
configure:2865: checking for suffix of executables
configure:2872: cc -o conftest    conftest.c  >&5
configure:2876: $? = 0
configure:2898: result: 
configure:2920: checking whether we are cross compiling
configure:2928: cc -o conftest    conftest.c  >&5
configure:2932: $? = 0
configure:2939: ./conftest
configure:2943: $? = 0
configure:2958: result: no
configure:2963: checking for suffix of object files
configure:2985: cc -c   conftest.c >&5
configure:2989: $? = 0
configure:3010: result: o
configure:3014: checking whether we are using the GNU C compiler
configure:3033: cc -c   conftest.c >&5
configure:3033: $? = 0
configure:3042: result: yes
configure:3051: checking whether cc accepts -g
configure:3071: cc -c -g  conftest.c >&5
configure:3071: $? = 0
configure:3112: result: yes
configure:3129: checking for cc option to accept ISO C89
configure:3193: cc  -c -g -O2  conftest.c >&5
configure:3193: $? = 0
configure:3206: result: none needed
configure:3232: checking how to run the C preprocessor
configure:3263: cc -E  conftest.c
configure:3263: $? = 0
configure:3277: cc -E  conftest.c
conftest.c:9:28: fatal error: ac_nonexistent.h: No such file or directory
compilation terminated.
configure:3277: $? = 1
configure: failed program was:
| /* confdefs.h */
| #define PACKAGE_NAME ""
| #define PACKAGE_TARNAME ""
| #define PACKAGE_VERSION ""
| #define PACKAGE_STRING ""
| #define PACKAGE_BUGREPORT ""
| #define PACKAGE_URL ""
| /* end confdefs.h.  */
| #include <ac_nonexistent.h>
configure:3302: result: cc -E
configure:3322: cc -E  conftest.c
configure:3322: $? = 0
configure:3336: cc -E  conftest.c
conftest.c:9:28: fatal error: ac_nonexistent.h: No such file or directory
compilation terminated.
configure:3336: $? = 1
configure: failed program was:
| /* confdefs.h */
| #define PACKAGE_NAME ""
| #define PACKAGE_TARNAME ""
| #define PACKAGE_VERSION ""
| #define PACKAGE_STRING ""
| #define PACKAGE_BUGREPORT ""
| #define PACKAGE_URL ""
| /* end confdefs.h.  */
| #include <ac_nonexistent.h>
configure:3367: checking for icc
configure:3376: result: no
configure:3390: checking for suncc
configure:3399: result: no
configure:3417: checking whether cc understands -c and -o together
configure:3445: cc -c conftest.c -o conftest2.o >&5
configure:3449: $? = 0
configure:3455: cc -c conftest.c -o conftest2.o >&5
configure:3459: $? = 0
configure:3514: result: yes
configure:3528: checking for system library directory
configure:3543: result: lib
configure:3550: checking if compiler supports -R
configure:3569: cc -o conftest -g -O2   conftest.c -R /usr/lib  >&5
gcc-4.6.real: error: unrecognized option '-R'
configure:3569: $? = 1
configure: failed program was:
| /* confdefs.h */
| #define PACKAGE_NAME ""
| #define PACKAGE_TARNAME ""
| #define PACKAGE_VERSION ""
| #define PACKAGE_STRING ""
| #define PACKAGE_BUGREPORT ""
| #define PACKAGE_URL ""
| /* end confdefs.h.  */
| 
| int
| main ()
| {
| 
|   ;
|   return 0;
| }
configure:3579: result: no
configure:3584: checking if compiler supports -Wl,-rpath,
configure:3603: cc -o conftest -g -O2   conftest.c -Wl,-rpath,/usr/lib  >&5
configure:3603: $? = 0
configure:3613: result: yes
configure:3658: checking build system type
configure:3672: result: i686-pc-linux-gnu
configure:3692: checking host system type
configure:3705: result: i686-pc-linux-gnu
configure:3725: checking target system type
configure:3738: result: i686-pc-linux-gnu
configure:3841: checking for PHP prefix
configure:3843: result: /opt/php
configure:3845: checking for PHP includes
configure:3847: result: -I/opt/php/include/php -I/opt/php/include/php/main -I/opt/php/include/php/TSRM -I/opt/php/include/php/Zend -I/opt/php/include/php/ext -I/opt/php/include/php/ext/date/lib
configure:3849: checking for PHP extension directory
configure:3851: result: /opt/php/lib/php/extensions/no-debug-non-zts-20121212
configure:3853: checking for PHP installed headers prefix
configure:3855: result: /opt/php/include/php
configure:3858: checking if debug is enabled
configure:3884: result: no
configure:3887: checking if zts is enabled
configure:3913: result: no
configure:3984: checking for re2c
configure:4000: found /usr/bin/re2c
configure:4011: result: re2c
configure:4020: checking for re2c version
configure:4034: result: 0.13.5 (ok)
configure:4053: checking for gawk
configure:4084: result: no
configure:4053: checking for nawk
configure:4070: found /usr/bin/nawk
configure:4081: result: nawk
configure:4104: checking if nawk is broken
configure:4111: result: no
configure:4127: checking for jieba support
configure:4167: result: yes, shared
configure:4177: checking whether to enable jieba support
configure:4216: result: yes, shared
configure:4229: checking for jieba files in default path
configure:4234: result: found in /usr/local
configure:4343: checking for g++
configure:4359: found /usr/bin/g++
configure:4370: result: g++
configure:4397: checking for C++ compiler version
configure:4406: g++ --version >&5
g++-4.6.real (Ubuntu/Linaro 4.6.3-1ubuntu5) 4.6.3
Copyright (C) 2011 Free Software Foundation, Inc.
This is free software; see the source for copying conditions.  There is NO
warranty; not even for MERCHANTABILITY or FITNESS FOR A PARTICULAR PURPOSE.

configure:4417: $? = 0
configure:4406: g++ -v >&5
Using built-in specs.
COLLECT_GCC=/usr/bin/g++-4.6.real
COLLECT_LTO_WRAPPER=/usr/lib/gcc/i686-linux-gnu/4.6/lto-wrapper
Target: i686-linux-gnu
Configured with: ../src/configure -v --with-pkgversion='Ubuntu/Linaro 4.6.3-1ubuntu5' --with-bugurl=file:///usr/share/doc/gcc-4.6/README.Bugs --enable-languages=c,c++,fortran,objc,obj-c++ --prefix=/usr --program-suffix=-4.6 --enable-shared --enable-linker-build-id --with-system-zlib --libexecdir=/usr/lib --without-included-gettext --enable-threads=posix --with-gxx-include-dir=/usr/include/c++/4.6 --libdir=/usr/lib --enable-nls --with-sysroot=/ --enable-clocale=gnu --enable-libstdcxx-debug --enable-libstdcxx-time=yes --enable-gnu-unique-object --enable-plugin --enable-objc-gc --enable-targets=all --disable-werror --with-arch-32=i686 --with-tune=generic --enable-checking=release --build=i686-linux-gnu --host=i686-linux-gnu --target=i686-linux-gnu
Thread model: posix
gcc version 4.6.3 (Ubuntu/Linaro 4.6.3-1ubuntu5) 
configure:4417: $? = 0
configure:4406: g++ -V >&5
g++-4.6.real: error: unrecognized option '-V'
g++-4.6.real: fatal error: no input files
compilation terminated.
configure:4417: $? = 4
configure:4406: g++ -qversion >&5
g++-4.6.real: error: unrecognized option '-qversion'
g++-4.6.real: fatal error: no input files
compilation terminated.
configure:4417: $? = 4
configure:4421: checking whether we are using the GNU C++ compiler
configure:4440: g++ -c   conftest.cpp >&5
configure:4440: $? = 0
configure:4449: result: yes
configure:4458: checking whether g++ accepts -g
configure:4478: g++ -c -g  conftest.cpp >&5
configure:4478: $? = 0
configure:4519: result: yes
configure:4547: checking how to run the C++ preprocessor
configure:4574: g++ -E  conftest.cpp
configure:4574: $? = 0
configure:4588: g++ -E  conftest.cpp
conftest.cpp:9:28: fatal error: ac_nonexistent.h: No such file or directory
compilation terminated.
configure:4588: $? = 1
configure: failed program was:
| /* confdefs.h */
| #define PACKAGE_NAME ""
| #define PACKAGE_TARNAME ""
| #define PACKAGE_VERSION ""
| #define PACKAGE_STRING ""
| #define PACKAGE_BUGREPORT ""
| #define PACKAGE_URL ""
| /* end confdefs.h.  */
| #include <ac_nonexistent.h>
configure:4613: result: g++ -E
configure:4633: g++ -E  conftest.cpp
configure:4633: $? = 0
configure:4647: g++ -E  conftest.cpp
conftest.cpp:9:28: fatal error: ac_nonexistent.h: No such file or directory
compilation terminated.
configure:4647: $? = 1
configure: failed program was:
| /* confdefs.h */
| #define PACKAGE_NAME ""
| #define PACKAGE_TARNAME ""
| #define PACKAGE_VERSION ""
| #define PACKAGE_STRING ""
| #define PACKAGE_BUGREPORT ""
| #define PACKAGE_URL ""
| /* end confdefs.h.  */
| #include <ac_nonexistent.h>
configure:5094: checking for ld used by cc
configure:5161: result: /usr/bin/ld
configure:5168: checking if the linker (/usr/bin/ld) is GNU ld
configure:5183: result: yes
configure:5188: checking for /usr/bin/ld option to reload object files
configure:5195: result: -r
configure:5213: checking for BSD-compatible nm
configure:5262: result: /usr/bin/nm -B
configure:5266: checking whether ln -s works
configure:5270: result: yes
configure:5277: checking how to recognize dependent libraries
configure:5463: result: pass_all
configure:5681: checking for ANSI C header files
configure:5701: cc -c -g -O2  conftest.c >&5
configure:5701: $? = 0
configure:5774: cc -o conftest -g -O2   conftest.c -lstdc++  >&5
configure:5774: $? = 0
configure:5774: ./conftest
configure:5774: $? = 0
configure:5785: result: yes
configure:5798: checking for sys/types.h
configure:5798: cc -c -g -O2  conftest.c >&5
configure:5798: $? = 0
configure:5798: result: yes
configure:5798: checking for sys/stat.h
configure:5798: cc -c -g -O2  conftest.c >&5
configure:5798: $? = 0
configure:5798: result: yes
configure:5798: checking for stdlib.h
configure:5798: cc -c -g -O2  conftest.c >&5
configure:5798: $? = 0
configure:5798: result: yes
configure:5798: checking for string.h
configure:5798: cc -c -g -O2  conftest.c >&5
configure:5798: $? = 0
configure:5798: result: yes
configure:5798: checking for memory.h
configure:5798: cc -c -g -O2  conftest.c >&5
configure:5798: $? = 0
configure:5798: result: yes
configure:5798: checking for strings.h
configure:5798: cc -c -g -O2  conftest.c >&5
configure:5798: $? = 0
configure:5798: result: yes
configure:5798: checking for inttypes.h
configure:5798: cc -c -g -O2  conftest.c >&5
configure:5798: $? = 0
configure:5798: result: yes
configure:5798: checking for stdint.h
configure:5798: cc -c -g -O2  conftest.c >&5
configure:5798: $? = 0
configure:5798: result: yes
configure:5798: checking for unistd.h
configure:5798: cc -c -g -O2  conftest.c >&5
configure:5798: $? = 0
configure:5798: result: yes
configure:5812: checking dlfcn.h usability
configure:5812: cc -c -g -O2  conftest.c >&5
configure:5812: $? = 0
configure:5812: result: yes
configure:5812: checking dlfcn.h presence
configure:5812: cc -E  conftest.c
configure:5812: $? = 0
configure:5812: result: yes
configure:5812: checking for dlfcn.h
configure:5812: result: yes
configure:5832: checking how to run the C++ preprocessor
configure:5898: result: g++ -E
configure:5918: g++ -E  conftest.cpp
configure:5918: $? = 0
configure:5932: g++ -E  conftest.cpp
conftest.cpp:21:28: fatal error: ac_nonexistent.h: No such file or directory
compilation terminated.
configure:5932: $? = 1
configure: failed program was:
| /* confdefs.h */
| #define PACKAGE_NAME ""
| #define PACKAGE_TARNAME ""
| #define PACKAGE_VERSION ""
| #define PACKAGE_STRING ""
| #define PACKAGE_BUGREPORT ""
| #define PACKAGE_URL ""
| #define COMPILE_DL_JIEBA 1
| #define STDC_HEADERS 1
| #define HAVE_SYS_TYPES_H 1
| #define HAVE_SYS_STAT_H 1
| #define HAVE_STDLIB_H 1
| #define HAVE_STRING_H 1
| #define HAVE_MEMORY_H 1
| #define HAVE_STRINGS_H 1
| #define HAVE_INTTYPES_H 1
| #define HAVE_STDINT_H 1
| #define HAVE_UNISTD_H 1
| #define HAVE_DLFCN_H 1
| /* end confdefs.h.  */
| #include <ac_nonexistent.h>
configure:5965: checking the maximum length of command line arguments
configure:6077: result: 1572864
configure:6089: checking command to parse /usr/bin/nm -B output from cc object
configure:6194: g++ -c -g -O2  conftest.cpp >&5
configure:6197: $? = 0
configure:6201: /usr/bin/nm -B conftest.o \| sed -n -e 's/^.*[ 	]\([ABCDGIRSTW][ABCDGIRSTW]*\)[ 	][ 	]*\([_A-Za-z][_A-Za-z0-9]*\)$/\1 \2 \2/p' \> conftest.nm
configure:6204: $? = 0
configure:6256: g++ -o conftest -g -O2   conftest.cpp conftstm.o >&5
configure:6259: $? = 0
configure:6297: result: ok
configure:6301: checking for objdir
configure:6316: result: .libs
configure:6408: checking for ar
configure:6424: found /usr/bin/ar
configure:6435: result: ar
configure:6500: checking for ranlib
configure:6516: found /usr/bin/ranlib
configure:6527: result: ranlib
configure:6592: checking for strip
configure:6608: found /usr/bin/strip
configure:6619: result: strip
configure:7188: checking if cc supports -fno-rtti -fno-exceptions
configure:7206: cc -c -g -O2  -fno-rtti -fno-exceptions conftest.c >&5
cc1: warning: command line option '-fno-rtti' is valid for C++/ObjC++ but not for C [enabled by default]
configure:7210: $? = 0
configure:7223: result: no
configure:7238: checking for cc option to produce PIC
configure:7478: result: -fPIC
configure:7486: checking if cc PIC flag -fPIC works
configure:7504: cc -c -g -O2  -fPIC -DPIC conftest.c >&5
configure:7508: $? = 0
configure:7521: result: yes
configure:7549: checking if cc static flag -static works
configure:7577: result: yes
configure:7587: checking if cc supports -c -o file.o
configure:7608: cc -c -g -O2  -o out/conftest2.o conftest.c >&5
configure:7612: $? = 0
configure:7634: result: yes
configure:7660: checking whether the cc linker (/usr/bin/ld) supports shared libraries
configure:8588: result: yes
configure:8609: checking whether -lc should be explicitly linked in
configure:8614: cc -c -g -O2  conftest.c >&5
configure:8617: $? = 0
configure:8632: cc -shared conftest.o  -v -Wl,-soname -Wl,conftest -o conftest 2\>\&1 \| grep  -lc  \>/dev/null 2\>\&1
configure:8635: $? = 0
configure:8647: result: no
configure:8655: checking dynamic linker characteristics
configure:9253: result: GNU/Linux ld.so
configure:9277: checking how to hardcode library paths into programs
configure:9302: result: immediate
configure:9316: checking whether stripping libraries is possible
configure:9321: result: yes
configure:9838: checking if libtool supports shared libraries
configure:9840: result: yes
configure:9843: checking whether to build shared libraries
configure:9864: result: yes
configure:9867: checking whether to build static libraries
configure:9871: result: no
configure:9966: result:
creating libtool
configure:10557: checking for ld used by g++
configure:10624: result: /usr/bin/ld
configure:10631: checking if the linker (/usr/bin/ld) is GNU ld
configure:10646: result: yes
configure:10697: checking whether the g++ linker (/usr/bin/ld) supports shared libraries
configure:11595: result: yes
configure:11616: g++ -c -g -O2  conftest.cpp >&5
configure:11619: $? = 0
configure:11775: checking for g++ option to produce PIC
configure:12065: result: -fPIC
configure:12073: checking if g++ PIC flag -fPIC works
configure:12091: g++ -c -g -O2  -fPIC -DPIC conftest.cpp >&5
configure:12095: $? = 0
configure:12108: result: yes
configure:12136: checking if g++ static flag -static works
configure:12164: result: yes
configure:12174: checking if g++ supports -c -o file.o
configure:12195: g++ -c -g -O2  -o out/conftest2.o conftest.cpp >&5
configure:12199: $? = 0
configure:12221: result: yes
configure:12247: checking whether the g++ linker (/usr/bin/ld) supports shared libraries
configure:12273: result: yes
configure:12340: checking dynamic linker characteristics
configure:12886: result: GNU/Linux ld.so
configure:12910: checking how to hardcode library paths into programs
configure:12935: result: immediate
configure:13665: creating ./config.status

## ---------------------- ##
## Running config.status. ##
## ---------------------- ##

This file was extended by config.status, which was
generated by GNU Autoconf 2.68.  Invocation command line was

  CONFIG_FILES    = 
  CONFIG_HEADERS  = 
  CONFIG_LINKS    = 
  CONFIG_COMMANDS = 
  $ ./config.status 

on niansong-VirtualBox

config.status:688: creating config.h
config.status:778: config.h is unchanged

## ---------------- ##
## Cache variables. ##
## ---------------- ##

ac_cv_build=i686-pc-linux-gnu
ac_cv_c_compiler_gnu=yes
ac_cv_cxx_compiler_gnu=yes
ac_cv_env_CCC_set=
ac_cv_env_CCC_value=
ac_cv_env_CC_set=
ac_cv_env_CC_value=
ac_cv_env_CFLAGS_set=
ac_cv_env_CFLAGS_value=
ac_cv_env_CPPFLAGS_set=
ac_cv_env_CPPFLAGS_value=
ac_cv_env_CPP_set=
ac_cv_env_CPP_value=
ac_cv_env_CXXCPP_set=
ac_cv_env_CXXCPP_value=
ac_cv_env_CXXFLAGS_set=
ac_cv_env_CXXFLAGS_value=
ac_cv_env_CXX_set=
ac_cv_env_CXX_value=
ac_cv_env_LDFLAGS_set=
ac_cv_env_LDFLAGS_value=
ac_cv_env_LIBS_set=
ac_cv_env_LIBS_value=
ac_cv_env_build_alias_set=
ac_cv_env_build_alias_value=
ac_cv_env_host_alias_set=
ac_cv_env_host_alias_value=
ac_cv_env_target_alias_set=
ac_cv_env_target_alias_value=
ac_cv_header_dlfcn_h=yes
ac_cv_header_inttypes_h=yes
ac_cv_header_memory_h=yes
ac_cv_header_stdc=yes
ac_cv_header_stdint_h=yes
ac_cv_header_stdlib_h=yes
ac_cv_header_string_h=yes
ac_cv_header_strings_h=yes
ac_cv_header_sys_stat_h=yes
ac_cv_header_sys_types_h=yes
ac_cv_header_unistd_h=yes
ac_cv_host=i686-pc-linux-gnu
ac_cv_objext=o
ac_cv_path_EGREP='/bin/grep -E'
ac_cv_path_GREP=/bin/grep
ac_cv_prog_AWK=nawk
ac_cv_prog_CPP='cc -E'
ac_cv_prog_CXXCPP='g++ -E'
ac_cv_prog_RE2C=re2c
ac_cv_prog_ac_ct_AR=ar
ac_cv_prog_ac_ct_CC=cc
ac_cv_prog_ac_ct_CXX=g++
ac_cv_prog_ac_ct_RANLIB=ranlib
ac_cv_prog_ac_ct_STRIP=strip
ac_cv_prog_cc_c89=
ac_cv_prog_cc_cc_c_o=yes
ac_cv_prog_cc_g=yes
ac_cv_prog_cxx_g=yes
ac_cv_target=i686-pc-linux-gnu
lt_cv_deplibs_check_method=pass_all
lt_cv_file_magic_cmd='$MAGIC_CMD'
lt_cv_file_magic_test_file=
lt_cv_ld_reload_flag=-r
lt_cv_objdir=.libs
lt_cv_path_LD=/usr/bin/ld
lt_cv_path_LDCXX=/usr/bin/ld
lt_cv_path_NM='/usr/bin/nm -B'
lt_cv_path_SED=/bin/sed
lt_cv_prog_compiler_c_o=yes
lt_cv_prog_compiler_c_o_CXX=yes
lt_cv_prog_compiler_pic_works=yes
lt_cv_prog_compiler_pic_works_CXX=yes
lt_cv_prog_compiler_rtti_exceptions=no
lt_cv_prog_compiler_static_works=yes
lt_cv_prog_compiler_static_works_CXX=yes
lt_cv_prog_gnu_ld=yes
lt_cv_prog_gnu_ldcxx=yes
lt_cv_sys_global_symbol_pipe='sed -n -e '\''s/^.*[ 	]\([ABCDGIRSTW][ABCDGIRSTW]*\)[ 	][ 	]*\([_A-Za-z][_A-Za-z0-9]*\)$/\1 \2 \2/p'\'''
lt_cv_sys_global_symbol_to_c_name_address='sed -n -e '\''s/^: \([^ ]*\) $/  {\"\1\", (lt_ptr) 0},/p'\'' -e '\''s/^[BCDEGRST] \([^ ]*\) \([^ ]*\)$/  {"\2", (lt_ptr) \&\2},/p'\'''
lt_cv_sys_global_symbol_to_cdecl='sed -n -e '\''s/^. .* \(.*\)$/extern int \1;/p'\'''
lt_cv_sys_lib_dlsearch_path_spec='/lib /usr/lib /usr/lib/i386-linux-gnu/mesa-egl /usr/lib/i386-linux-gnu/mesa /lib/i386-linux-gnu /usr/lib/i386-linux-gnu /lib/i686-linux-gnu /usr/lib/i686-linux-gnu /usr/local/lib '
lt_cv_sys_lib_search_path_spec='/usr/lib/gcc/i686-linux-gnu/4.6 /usr/lib/i386-linux-gnu /usr/lib /lib/i386-linux-gnu /lib'
lt_cv_sys_max_cmd_len=1572864
lt_lt_cv_prog_compiler_c_o='"yes"'
lt_lt_cv_prog_compiler_c_o_CXX='"yes"'
lt_lt_cv_sys_global_symbol_pipe='"sed -n -e '\''s/^.*[ 	]\\([ABCDGIRSTW][ABCDGIRSTW]*\\)[ 	][ 	]*\\([_A-Za-z][_A-Za-z0-9]*\\)\$/\\1 \\2 \\2/p'\''"'
lt_lt_cv_sys_global_symbol_to_c_name_address='"sed -n -e '\''s/^: \\([^ ]*\\) \$/  {\\\"\\1\\\", (lt_ptr) 0},/p'\'' -e '\''s/^[BCDEGRST] \\([^ ]*\\) \\([^ ]*\\)\$/  {\"\\2\", (lt_ptr) \\&\\2},/p'\''"'
lt_lt_cv_sys_global_symbol_to_cdecl='"sed -n -e '\''s/^. .* \\(.*\\)\$/extern int \\1;/p'\''"'
php_cv_cc_dashr=no
php_cv_cc_rpath=yes
php_cv_re2c_version='0.13.5 (ok)'

## ----------------- ##
## Output variables. ##
## ----------------- ##

AR='ar'
AWK='nawk'
CC='cc'
CFLAGS='-g -O2'
CONFIGURE_COMMAND=' '\''./configure'\''  '\''--with-php-config=/opt/php/bin/php-config'\'''
CONFIGURE_OPTIONS=' '\''--with-php-config=/opt/php/bin/php-config'\'''
CPP='cc -E'
CPPFLAGS=' -DHAVE_CONFIG_H'
CXX='g++'
CXXCPP='g++ -E'
CXXFLAGS='-g -O2'
DEFS='-DHAVE_CONFIG_H'
DSYMUTIL=''
ECHO='echo'
ECHO_C=''
ECHO_N='-n'
ECHO_T=''
EGREP='/bin/grep -E'
EXEEXT=''
GREP='/bin/grep'
LDFLAGS=''
LIBOBJS=''
LIBS='-lstdc++ '
LIBTOOL='$(SHELL) $(top_builddir)/libtool'
LN_S='ln -s'
LTLIBOBJS=''
NMEDIT=''
OBJEXT='o'
PACKAGE_BUGREPORT=''
PACKAGE_NAME=''
PACKAGE_STRING=''
PACKAGE_TARNAME=''
PACKAGE_URL=''
PACKAGE_VERSION=''
PATH_SEPARATOR=':'
RANLIB='ranlib'
RE2C='re2c'
SED='/bin/sed'
SHELL='/bin/bash'
SHLIB_DL_SUFFIX_NAME='so'
SHLIB_SUFFIX_NAME='so'
STRIP='strip'
ac_ct_CC='cc'
ac_ct_CXX='g++'
bindir='${exec_prefix}/bin'
build='i686-pc-linux-gnu'
build_alias=''
build_cpu='i686'
build_os='linux-gnu'
build_vendor='pc'
datadir='${datarootdir}'
datarootdir='${prefix}/share'
docdir='${datarootdir}/doc/${PACKAGE}'
dvidir='${docdir}'
exec_prefix='$(prefix)'
host='i686-pc-linux-gnu'
host_alias='i686-pc-linux-gnu'
host_cpu='i686'
host_os='linux-gnu'
host_vendor='pc'
htmldir='${docdir}'
includedir='${prefix}/include'
infodir='${datarootdir}/info'
libdir='${exec_prefix}/lib'
libexecdir='${exec_prefix}/libexec'
localedir='${datarootdir}/locale'
localstatedir='${prefix}/var'
mandir='${datarootdir}/man'
oldincludedir='/usr/include'
pdfdir='${docdir}'
prefix='/opt/php'
program_transform_name='s,x,x,'
psdir='${docdir}'
sbindir='${exec_prefix}/sbin'
sharedstatedir='${prefix}/com'
sysconfdir='${prefix}/etc'
target='i686-pc-linux-gnu'
target_alias=''
target_cpu='i686'
target_os='linux-gnu'
target_vendor='pc'

## ----------- ##
## confdefs.h. ##
## ----------- ##

/* confdefs.h */
#define PACKAGE_NAME ""
#define PACKAGE_TARNAME ""
#define PACKAGE_VERSION ""
#define PACKAGE_STRING ""
#define PACKAGE_BUGREPORT ""
#define PACKAGE_URL ""
#define COMPILE_DL_JIEBA 1
#define STDC_HEADERS 1
#define HAVE_SYS_TYPES_H 1
#define HAVE_SYS_STAT_H 1
#define HAVE_STDLIB_H 1
#define HAVE_STRING_H 1
#define HAVE_MEMORY_H 1
#define HAVE_STRINGS_H 1
#define HAVE_INTTYPES_H 1
#define HAVE_STDINT_H 1
#define HAVE_UNISTD_H 1
#define HAVE_DLFCN_H 1

configure: exit 0
